<?xml version="1.0" encoding="UTF-8"?>
<testsuite name="PangramTest" tests="5" skipped="0" failures="0" errors="0" timestamp="2016-03-22T23:35:45" hostname="Brittanys-MBP" time="0.032">
  <properties/>
  <testcase name="emptySentence" classname="PangramTest" time="0.004"/>
  <testcase name="missingCharacterX" classname="PangramTest" time="0.001"/>
  <testcase name="mixedCaseAndPunctuation" classname="PangramTest" time="0.0"/>
  <testcase name="nonAsciiCharacters" classname="PangramTest" time="0.003"/>
  <testcase name="testLowercasePangram" classname="PangramTest" time="0.0"/>
  <system-out><![CDATA[]]></system-out>
  <system-err><![CDATA[]]></system-err>
</testsuite>
