<?xml version="1.0" encoding="UTF-8"?>
<testsuite name="PangramTest" tests="1" skipped="0" failures="0" errors="0" timestamp="2016-03-22T03:39:18" hostname="Brittanys-MBP" time="0.002">
  <properties/>
  <testcase name="emptySentence" classname="PangramTest" time="0.002"/>
  <system-out><![CDATA[]]></system-out>
  <system-err><![CDATA[]]></system-err>
</testsuite>
