<?xml version="1.0" encoding="UTF-8"?>
<testsuite name="NucleotideTest" tests="1" skipped="0" failures="0" errors="0" timestamp="2015-11-06T21:58:29" hostname="Brittanys-MBP" time="0.039">
  <properties/>
  <testcase name="testCountsAllNucleotides" classname="NucleotideTest" time="0.039"/>
  <system-out><![CDATA[]]></system-out>
  <system-err><![CDATA[]]></system-err>
</testsuite>
