<?xml version="1.0" encoding="UTF-8"?>
<testsuite name="WordCountTest" tests="6" skipped="0" failures="0" errors="0" timestamp="2016-03-14T03:30:25" hostname="Brittanys-MBP" time="0.005">
  <properties/>
  <testcase name="countOneOfEach" classname="WordCountTest" time="0.003"/>
  <testcase name="countMultipleOccurences" classname="WordCountTest" time="0.0"/>
  <testcase name="ignorePunctuation" classname="WordCountTest" time="0.001"/>
  <testcase name="includeNumbers" classname="WordCountTest" time="0.0"/>
  <testcase name="normalizeCase" classname="WordCountTest" time="0.0"/>
  <testcase name="countOneWord" classname="WordCountTest" time="0.0"/>
  <system-out><![CDATA[{one=1, of=1, each=1}
{red=1, blue=1, one=1, fish=4, two=1}
{as=1, java=1, car=1, carpet=1, javascript=1}
{1=1, 2=1, testing=2}
{go=3}
{word=1}
]]></system-out>
  <system-err><![CDATA[]]></system-err>
</testsuite>
